2016-12-23 07:26:05,260 [Worker-6] INFO  o.e.m.c.i.e.AbstractTransferListenerAdapter - Downloading https://repo.maven.apache.org/maven2/org/apache/maven/plugins/maven-war-plugin/3.0.0/maven-war-plugin-3.0.0.jar
2016-12-23 07:26:05,406 [Worker-6] INFO  o.e.m.c.i.e.AbstractTransferListenerAdapter - Downloaded https://repo.maven.apache.org/maven2/org/apache/maven/plugins/maven-war-plugin/3.0.0/maven-war-plugin-3.0.0.jar
2016-12-23 07:26:09,434 [Worker-6] INFO  o.e.m.c.i.l.LifecycleMappingFactory - Using org.maven.ide.eclipse.wtp.WarLifecycleMapping lifecycle mapping for MavenProject: Miles_Age:Miles_Age:0.0.1-SNAPSHOT @ C:\Users\ljm7b\Documents\MilesAgeAPI\Miles_Age\pom.xml.
2016-12-23 07:26:09,637 [Worker-6] INFO  o.e.m.c.i.e.AbstractTransferListenerAdapter - Downloading https://repo.maven.apache.org/maven2/joda-time/joda-time/2.9.6/joda-time-2.9.6.pom
2016-12-23 07:26:09,720 [Worker-6] INFO  o.e.m.c.i.e.AbstractTransferListenerAdapter - Downloaded https://repo.maven.apache.org/maven2/joda-time/joda-time/2.9.6/joda-time-2.9.6.pom
2016-12-23 07:26:09,776 [Worker-6] INFO  o.e.m.c.i.e.AbstractTransferListenerAdapter - Downloading https://repo.maven.apache.org/maven2/joda-time/joda-time/2.9.6/joda-time-2.9.6.jar
2016-12-23 07:26:09,976 [Worker-6] INFO  o.e.m.c.i.e.AbstractTransferListenerAdapter - Downloaded https://repo.maven.apache.org/maven2/joda-time/joda-time/2.9.6/joda-time-2.9.6.jar
2016-12-23 07:26:10,378 [Worker-6] INFO  o.e.m.c.i.e.AbstractTransferListenerAdapter - Downloading https://repo.maven.apache.org/maven2/org/apache/maven/plugins/maven-war-plugin/3.0.0/maven-war-plugin-3.0.0.pom
2016-12-23 07:26:10,445 [Worker-6] INFO  o.e.m.c.i.e.AbstractTransferListenerAdapter - Downloaded https://repo.maven.apache.org/maven2/org/apache/maven/plugins/maven-war-plugin/3.0.0/maven-war-plugin-3.0.0.pom
2016-12-23 07:26:10,493 [Worker-6] INFO  o.e.m.c.i.e.AbstractTransferListenerAdapter - Downloading https://repo.maven.apache.org/maven2/org/apache/maven/plugins/maven-plugins/30/maven-plugins-30.pom
2016-12-23 07:26:10,541 [Worker-6] INFO  o.e.m.c.i.e.AbstractTransferListenerAdapter - Downloaded https://repo.maven.apache.org/maven2/org/apache/maven/plugins/maven-plugins/30/maven-plugins-30.pom
2016-12-23 07:26:10,590 [Worker-6] INFO  o.e.m.c.i.e.AbstractTransferListenerAdapter - Downloading https://repo.maven.apache.org/maven2/org/apache/maven/maven-parent/30/maven-parent-30.pom
2016-12-23 07:26:10,667 [Worker-6] INFO  o.e.m.c.i.e.AbstractTransferListenerAdapter - Downloaded https://repo.maven.apache.org/maven2/org/apache/maven/maven-parent/30/maven-parent-30.pom
2016-12-23 07:26:10,724 [Worker-6] INFO  o.e.m.c.i.e.AbstractTransferListenerAdapter - Downloading https://repo.maven.apache.org/maven2/org/apache/apache/18/apache-18.pom
2016-12-23 07:26:10,775 [Worker-6] INFO  o.e.m.c.i.e.AbstractTransferListenerAdapter - Downloaded https://repo.maven.apache.org/maven2/org/apache/apache/18/apache-18.pom
2016-12-23 07:26:11,264 [Worker-6] INFO  o.e.m.c.i.e.AbstractTransferListenerAdapter - Downloading https://repo.maven.apache.org/maven2/org/codehaus/plexus/plexus-component-annotations/1.6/plexus-component-annotations-1.6.pom
2016-12-23 07:26:11,327 [Worker-6] INFO  o.e.m.c.i.e.AbstractTransferListenerAdapter - Downloaded https://repo.maven.apache.org/maven2/org/codehaus/plexus/plexus-component-annotations/1.6/plexus-component-annotations-1.6.pom
2016-12-23 07:26:11,372 [Worker-6] INFO  o.e.m.c.i.e.AbstractTransferListenerAdapter - Downloading https://repo.maven.apache.org/maven2/org/codehaus/plexus/plexus-containers/1.6/plexus-containers-1.6.pom
2016-12-23 07:26:11,427 [Worker-6] INFO  o.e.m.c.i.e.AbstractTransferListenerAdapter - Downloaded https://repo.maven.apache.org/maven2/org/codehaus/plexus/plexus-containers/1.6/plexus-containers-1.6.pom
2016-12-23 07:26:11,467 [Worker-6] INFO  o.e.m.c.i.e.AbstractTransferListenerAdapter - Downloading https://repo.maven.apache.org/maven2/org/codehaus/plexus/plexus/3.3.2/plexus-3.3.2.pom
2016-12-23 07:26:11,542 [Worker-6] INFO  o.e.m.c.i.e.AbstractTransferListenerAdapter - Downloaded https://repo.maven.apache.org/maven2/org/codehaus/plexus/plexus/3.3.2/plexus-3.3.2.pom
2016-12-23 07:26:11,688 [Worker-6] INFO  o.e.m.c.i.e.AbstractTransferListenerAdapter - Downloading https://repo.maven.apache.org/maven2/org/apache/maven/maven-archiver/3.1.1/maven-archiver-3.1.1.pom
2016-12-23 07:26:11,768 [Worker-6] INFO  o.e.m.c.i.e.AbstractTransferListenerAdapter - Downloaded https://repo.maven.apache.org/maven2/org/apache/maven/maven-archiver/3.1.1/maven-archiver-3.1.1.pom
2016-12-23 07:26:11,817 [Worker-6] INFO  o.e.m.c.i.e.AbstractTransferListenerAdapter - Downloading https://repo.maven.apache.org/maven2/org/apache/maven/shared/maven-shared-components/30/maven-shared-components-30.pom
2016-12-23 07:26:11,886 [Worker-6] INFO  o.e.m.c.i.e.AbstractTransferListenerAdapter - Downloaded https://repo.maven.apache.org/maven2/org/apache/maven/shared/maven-shared-components/30/maven-shared-components-30.pom
2016-12-23 07:26:11,941 [Worker-6] INFO  o.e.m.c.i.e.AbstractTransferListenerAdapter - Downloading https://repo.maven.apache.org/maven2/org/apache/maven/shared/maven-shared-utils/3.0.1/maven-shared-utils-3.0.1.pom
2016-12-23 07:26:11,989 [Worker-6] INFO  o.e.m.c.i.e.AbstractTransferListenerAdapter - Downloaded https://repo.maven.apache.org/maven2/org/apache/maven/shared/maven-shared-utils/3.0.1/maven-shared-utils-3.0.1.pom
2016-12-23 07:26:12,063 [Worker-6] INFO  o.e.m.c.i.e.AbstractTransferListenerAdapter - Downloading https://repo.maven.apache.org/maven2/commons-io/commons-io/2.5/commons-io-2.5.pom
2016-12-23 07:26:12,136 [Worker-6] INFO  o.e.m.c.i.e.AbstractTransferListenerAdapter - Downloaded https://repo.maven.apache.org/maven2/commons-io/commons-io/2.5/commons-io-2.5.pom
2016-12-23 07:26:12,177 [Worker-6] INFO  o.e.m.c.i.e.AbstractTransferListenerAdapter - Downloading https://repo.maven.apache.org/maven2/org/apache/commons/commons-parent/39/commons-parent-39.pom
2016-12-23 07:26:12,261 [Worker-6] INFO  o.e.m.c.i.e.AbstractTransferListenerAdapter - Downloaded https://repo.maven.apache.org/maven2/org/apache/commons/commons-parent/39/commons-parent-39.pom
2016-12-23 07:26:12,325 [Worker-6] INFO  o.e.m.c.i.e.AbstractTransferListenerAdapter - Downloading https://repo.maven.apache.org/maven2/org/codehaus/plexus/plexus-archiver/3.3/plexus-archiver-3.3.pom
2016-12-23 07:26:12,380 [Worker-6] INFO  o.e.m.c.i.e.AbstractTransferListenerAdapter - Downloaded https://repo.maven.apache.org/maven2/org/codehaus/plexus/plexus-archiver/3.3/plexus-archiver-3.3.pom
2016-12-23 07:26:12,440 [Worker-6] INFO  o.e.m.c.i.e.AbstractTransferListenerAdapter - Downloading https://repo.maven.apache.org/maven2/org/codehaus/plexus/plexus-utils/3.0.24/plexus-utils-3.0.24.pom
2016-12-23 07:26:12,501 [Worker-6] INFO  o.e.m.c.i.e.AbstractTransferListenerAdapter - Downloaded https://repo.maven.apache.org/maven2/org/codehaus/plexus/plexus-utils/3.0.24/plexus-utils-3.0.24.pom
2016-12-23 07:26:12,548 [Worker-6] INFO  o.e.m.c.i.e.AbstractTransferListenerAdapter - Downloading https://repo.maven.apache.org/maven2/org/codehaus/plexus/plexus-io/2.7.1/plexus-io-2.7.1.pom
2016-12-23 07:26:12,593 [Worker-6] INFO  o.e.m.c.i.e.AbstractTransferListenerAdapter - Downloaded https://repo.maven.apache.org/maven2/org/codehaus/plexus/plexus-io/2.7.1/plexus-io-2.7.1.pom
2016-12-23 07:26:12,681 [Worker-6] INFO  o.e.m.c.i.e.AbstractTransferListenerAdapter - Downloading https://repo.maven.apache.org/maven2/org/apache/commons/commons-compress/1.11/commons-compress-1.11.pom
2016-12-23 07:26:12,738 [Worker-6] INFO  o.e.m.c.i.e.AbstractTransferListenerAdapter - Downloaded https://repo.maven.apache.org/maven2/org/apache/commons/commons-compress/1.11/commons-compress-1.11.pom
2016-12-23 07:26:12,786 [Worker-6] INFO  o.e.m.c.i.e.AbstractTransferListenerAdapter - Downloading https://repo.maven.apache.org/maven2/org/iq80/snappy/snappy/0.4/snappy-0.4.pom
2016-12-23 07:26:12,856 [Worker-6] INFO  o.e.m.c.i.e.AbstractTransferListenerAdapter - Downloaded https://repo.maven.apache.org/maven2/org/iq80/snappy/snappy/0.4/snappy-0.4.pom
2016-12-23 07:26:12,925 [Worker-6] INFO  o.e.m.c.i.e.AbstractTransferListenerAdapter - Downloading https://repo.maven.apache.org/maven2/org/codehaus/plexus/plexus-interpolation/1.22/plexus-interpolation-1.22.pom
2016-12-23 07:26:12,962 [Worker-6] INFO  o.e.m.c.i.e.AbstractTransferListenerAdapter - Downloaded https://repo.maven.apache.org/maven2/org/codehaus/plexus/plexus-interpolation/1.22/plexus-interpolation-1.22.pom
2016-12-23 07:26:13,009 [Worker-6] INFO  o.e.m.c.i.e.AbstractTransferListenerAdapter - Downloading https://repo.maven.apache.org/maven2/org/codehaus/plexus/plexus-archiver/3.4/plexus-archiver-3.4.pom
2016-12-23 07:26:13,052 [Worker-6] INFO  o.e.m.c.i.e.AbstractTransferListenerAdapter - Downloaded https://repo.maven.apache.org/maven2/org/codehaus/plexus/plexus-archiver/3.4/plexus-archiver-3.4.pom
2016-12-23 07:26:13,092 [Worker-6] INFO  o.e.m.c.i.e.AbstractTransferListenerAdapter - Downloading https://repo.maven.apache.org/maven2/com/thoughtworks/xstream/xstream/1.4.9/xstream-1.4.9.pom
2016-12-23 07:26:13,129 [Worker-6] INFO  o.e.m.c.i.e.AbstractTransferListenerAdapter - Downloaded https://repo.maven.apache.org/maven2/com/thoughtworks/xstream/xstream/1.4.9/xstream-1.4.9.pom
2016-12-23 07:26:13,165 [Worker-6] INFO  o.e.m.c.i.e.AbstractTransferListenerAdapter - Downloading https://repo.maven.apache.org/maven2/com/thoughtworks/xstream/xstream-parent/1.4.9/xstream-parent-1.4.9.pom
2016-12-23 07:26:13,220 [Worker-6] INFO  o.e.m.c.i.e.AbstractTransferListenerAdapter - Downloaded https://repo.maven.apache.org/maven2/com/thoughtworks/xstream/xstream-parent/1.4.9/xstream-parent-1.4.9.pom
2016-12-23 07:26:13,306 [Worker-6] INFO  o.e.m.c.i.e.AbstractTransferListenerAdapter - Downloading https://repo.maven.apache.org/maven2/org/apache/maven/shared/maven-filtering/3.1.1/maven-filtering-3.1.1.pom
2016-12-23 07:26:13,349 [Worker-6] INFO  o.e.m.c.i.e.AbstractTransferListenerAdapter - Downloaded https://repo.maven.apache.org/maven2/org/apache/maven/shared/maven-filtering/3.1.1/maven-filtering-3.1.1.pom
2016-12-23 07:26:13,406 [Worker-6] INFO  o.e.m.c.i.e.AbstractTransferListenerAdapter - Downloading https://repo.maven.apache.org/maven2/org/sonatype/plexus/plexus-build-api/0.0.7/plexus-build-api-0.0.7.pom
2016-12-23 07:26:13,458 [Worker-6] INFO  o.e.m.c.i.e.AbstractTransferListenerAdapter - Downloaded https://repo.maven.apache.org/maven2/org/sonatype/plexus/plexus-build-api/0.0.7/plexus-build-api-0.0.7.pom
2016-12-23 07:26:13,496 [Worker-6] INFO  o.e.m.c.i.e.AbstractTransferListenerAdapter - Downloading https://repo.maven.apache.org/maven2/org/sonatype/spice/spice-parent/15/spice-parent-15.pom
2016-12-23 07:26:13,540 [Worker-6] INFO  o.e.m.c.i.e.AbstractTransferListenerAdapter - Downloaded https://repo.maven.apache.org/maven2/org/sonatype/spice/spice-parent/15/spice-parent-15.pom
2016-12-23 07:26:13,622 [Worker-6] INFO  o.e.m.c.i.e.AbstractTransferListenerAdapter - Downloading https://repo.maven.apache.org/maven2/org/apache/maven/shared/maven-mapping/3.0.0/maven-mapping-3.0.0.pom
2016-12-23 07:26:13,670 [Worker-6] INFO  o.e.m.c.i.e.AbstractTransferListenerAdapter - Downloaded https://repo.maven.apache.org/maven2/org/apache/maven/shared/maven-mapping/3.0.0/maven-mapping-3.0.0.pom
2016-12-23 07:26:13,706 [Worker-6] INFO  o.e.m.c.i.e.AbstractTransferListenerAdapter - Downloading https://repo.maven.apache.org/maven2/org/apache/maven/shared/maven-shared-components/22/maven-shared-components-22.pom
2016-12-23 07:26:13,745 [Worker-6] INFO  o.e.m.c.i.e.AbstractTransferListenerAdapter - Downloaded https://repo.maven.apache.org/maven2/org/apache/maven/shared/maven-shared-components/22/maven-shared-components-22.pom
2016-12-23 07:26:13,828 [Worker-6] INFO  o.e.m.c.i.e.AbstractTransferListenerAdapter - Downloading https://repo.maven.apache.org/maven2/org/codehaus/plexus/plexus-component-annotations/1.6/plexus-component-annotations-1.6.jar
2016-12-23 07:26:13,866 [Worker-6] INFO  o.e.m.c.i.e.AbstractTransferListenerAdapter - Downloaded https://repo.maven.apache.org/maven2/org/codehaus/plexus/plexus-component-annotations/1.6/plexus-component-annotations-1.6.jar
2016-12-23 07:26:13,894 [Worker-6] INFO  o.e.m.c.i.e.AbstractTransferListenerAdapter - Downloading https://repo.maven.apache.org/maven2/org/apache/maven/maven-archiver/3.1.1/maven-archiver-3.1.1.jar
2016-12-23 07:26:13,995 [Worker-6] INFO  o.e.m.c.i.e.AbstractTransferListenerAdapter - Downloaded https://repo.maven.apache.org/maven2/org/apache/maven/maven-archiver/3.1.1/maven-archiver-3.1.1.jar
2016-12-23 07:26:14,023 [Worker-6] INFO  o.e.m.c.i.e.AbstractTransferListenerAdapter - Downloading https://repo.maven.apache.org/maven2/org/apache/maven/shared/maven-shared-utils/3.0.1/maven-shared-utils-3.0.1.jar
2016-12-23 07:26:14,115 [Worker-6] INFO  o.e.m.c.i.e.AbstractTransferListenerAdapter - Downloaded https://repo.maven.apache.org/maven2/org/apache/maven/shared/maven-shared-utils/3.0.1/maven-shared-utils-3.0.1.jar
2016-12-23 07:26:14,144 [Worker-6] INFO  o.e.m.c.i.e.AbstractTransferListenerAdapter - Downloading https://repo.maven.apache.org/maven2/commons-io/commons-io/2.5/commons-io-2.5.jar
2016-12-23 07:26:14,211 [Worker-6] INFO  o.e.m.c.i.e.AbstractTransferListenerAdapter - Downloaded https://repo.maven.apache.org/maven2/commons-io/commons-io/2.5/commons-io-2.5.jar
2016-12-23 07:26:14,242 [Worker-6] INFO  o.e.m.c.i.e.AbstractTransferListenerAdapter - Downloading https://repo.maven.apache.org/maven2/org/codehaus/plexus/plexus-archiver/3.4/plexus-archiver-3.4.jar
2016-12-23 07:26:14,317 [Worker-6] INFO  o.e.m.c.i.e.AbstractTransferListenerAdapter - Downloaded https://repo.maven.apache.org/maven2/org/codehaus/plexus/plexus-archiver/3.4/plexus-archiver-3.4.jar
2016-12-23 07:26:14,340 [Worker-6] INFO  o.e.m.c.i.e.AbstractTransferListenerAdapter - Downloading https://repo.maven.apache.org/maven2/org/codehaus/plexus/plexus-io/2.7.1/plexus-io-2.7.1.jar
2016-12-23 07:26:14,391 [Worker-6] INFO  o.e.m.c.i.e.AbstractTransferListenerAdapter - Downloaded https://repo.maven.apache.org/maven2/org/codehaus/plexus/plexus-io/2.7.1/plexus-io-2.7.1.jar
2016-12-23 07:26:14,426 [Worker-6] INFO  o.e.m.c.i.e.AbstractTransferListenerAdapter - Downloading https://repo.maven.apache.org/maven2/org/apache/commons/commons-compress/1.11/commons-compress-1.11.jar
2016-12-23 07:26:14,521 [Worker-6] INFO  o.e.m.c.i.e.AbstractTransferListenerAdapter - Downloaded https://repo.maven.apache.org/maven2/org/apache/commons/commons-compress/1.11/commons-compress-1.11.jar
2016-12-23 07:26:14,544 [Worker-6] INFO  o.e.m.c.i.e.AbstractTransferListenerAdapter - Downloading https://repo.maven.apache.org/maven2/org/iq80/snappy/snappy/0.4/snappy-0.4.jar
2016-12-23 07:26:14,596 [Worker-6] INFO  o.e.m.c.i.e.AbstractTransferListenerAdapter - Downloaded https://repo.maven.apache.org/maven2/org/iq80/snappy/snappy/0.4/snappy-0.4.jar
2016-12-23 07:26:14,624 [Worker-6] INFO  o.e.m.c.i.e.AbstractTransferListenerAdapter - Downloading https://repo.maven.apache.org/maven2/org/codehaus/plexus/plexus-interpolation/1.22/plexus-interpolation-1.22.jar
2016-12-23 07:26:14,679 [Worker-6] INFO  o.e.m.c.i.e.AbstractTransferListenerAdapter - Downloaded https://repo.maven.apache.org/maven2/org/codehaus/plexus/plexus-interpolation/1.22/plexus-interpolation-1.22.jar
2016-12-23 07:26:14,707 [Worker-6] INFO  o.e.m.c.i.e.AbstractTransferListenerAdapter - Downloading https://repo.maven.apache.org/maven2/com/thoughtworks/xstream/xstream/1.4.9/xstream-1.4.9.jar
2016-12-23 07:26:14,828 [Worker-6] INFO  o.e.m.c.i.e.AbstractTransferListenerAdapter - Downloaded https://repo.maven.apache.org/maven2/com/thoughtworks/xstream/xstream/1.4.9/xstream-1.4.9.jar
2016-12-23 07:26:14,854 [Worker-6] INFO  o.e.m.c.i.e.AbstractTransferListenerAdapter - Downloading https://repo.maven.apache.org/maven2/org/codehaus/plexus/plexus-utils/3.0.24/plexus-utils-3.0.24.jar
2016-12-23 07:26:14,930 [Worker-6] INFO  o.e.m.c.i.e.AbstractTransferListenerAdapter - Downloaded https://repo.maven.apache.org/maven2/org/codehaus/plexus/plexus-utils/3.0.24/plexus-utils-3.0.24.jar
2016-12-23 07:26:14,965 [Worker-6] INFO  o.e.m.c.i.e.AbstractTransferListenerAdapter - Downloading https://repo.maven.apache.org/maven2/org/apache/maven/shared/maven-filtering/3.1.1/maven-filtering-3.1.1.jar
2016-12-23 07:26:15,019 [Worker-6] INFO  o.e.m.c.i.e.AbstractTransferListenerAdapter - Downloaded https://repo.maven.apache.org/maven2/org/apache/maven/shared/maven-filtering/3.1.1/maven-filtering-3.1.1.jar
2016-12-23 07:26:15,054 [Worker-6] INFO  o.e.m.c.i.e.AbstractTransferListenerAdapter - Downloading https://repo.maven.apache.org/maven2/org/sonatype/plexus/plexus-build-api/0.0.7/plexus-build-api-0.0.7.jar
2016-12-23 07:26:15,179 [Worker-6] INFO  o.e.m.c.i.e.AbstractTransferListenerAdapter - Downloaded https://repo.maven.apache.org/maven2/org/sonatype/plexus/plexus-build-api/0.0.7/plexus-build-api-0.0.7.jar
2016-12-23 07:26:15,212 [Worker-6] INFO  o.e.m.c.i.e.AbstractTransferListenerAdapter - Downloading https://repo.maven.apache.org/maven2/org/apache/maven/shared/maven-mapping/3.0.0/maven-mapping-3.0.0.jar
2016-12-23 07:26:15,322 [Worker-6] INFO  o.e.m.c.i.e.AbstractTransferListenerAdapter - Downloaded https://repo.maven.apache.org/maven2/org/apache/maven/shared/maven-mapping/3.0.0/maven-mapping-3.0.0.jar
2016-12-23 07:26:19,019 [Worker-6] WARN  o.e.m.c.i.embedder.EclipseLogger - Using platform encoding (Cp1252 actually) to copy filtered resources, i.e. build is platform dependent!
2016-12-23 07:26:19,121 [Worker-6] INFO  o.e.m.c.i.embedder.EclipseLogger - skip non existing resourceDirectory C:\Users\ljm7b\Documents\MilesAgeAPI\Miles_Age\src\main\resources
2016-12-23 07:26:19,478 [Worker-6] WARN  o.e.m.c.i.embedder.EclipseLogger - Using platform encoding (Cp1252 actually) to copy filtered resources, i.e. build is platform dependent!
2016-12-23 07:26:19,479 [Worker-10] INFO  o.e.m.c.i.l.LifecycleMappingFactory - Using org.maven.ide.eclipse.wtp.WarLifecycleMapping lifecycle mapping for MavenProject: Miles_Age:Miles_Age:0.0.1-SNAPSHOT @ C:\Users\ljm7b\Documents\MilesAgeAPI\Miles_Age\pom.xml.
2016-12-23 07:26:19,502 [Worker-6] INFO  o.e.m.c.i.embedder.EclipseLogger - skip non existing resourceDirectory C:\Users\ljm7b\Documents\MilesAgeAPI\Miles_Age\src\test\resources
2016-12-23 07:26:22,134 [Worker-0] WARN  o.e.m.c.i.embedder.EclipseLogger - Using platform encoding (Cp1252 actually) to copy filtered resources, i.e. build is platform dependent!
2016-12-23 07:26:22,144 [Worker-0] INFO  o.e.m.c.i.embedder.EclipseLogger - skip non existing resourceDirectory C:\Users\ljm7b\Documents\MilesAgeAPI\Miles_Age\src\main\resources
2016-12-23 07:26:22,146 [Worker-0] WARN  o.e.m.c.i.embedder.EclipseLogger - Using platform encoding (Cp1252 actually) to copy filtered resources, i.e. build is platform dependent!
2016-12-23 07:26:22,155 [Worker-0] INFO  o.e.m.c.i.embedder.EclipseLogger - skip non existing resourceDirectory C:\Users\ljm7b\Documents\MilesAgeAPI\Miles_Age\src\test\resources
2016-12-23 07:27:26,815 [Worker-1] WARN  o.e.m.c.i.embedder.EclipseLogger - Using platform encoding (Cp1252 actually) to copy filtered resources, i.e. build is platform dependent!
2016-12-23 07:27:26,831 [Worker-1] INFO  o.e.m.c.i.embedder.EclipseLogger - skip non existing resourceDirectory C:\Users\ljm7b\Documents\MilesAgeAPI\Miles_Age\src\main\resources
2016-12-23 07:27:26,838 [Worker-1] WARN  o.e.m.c.i.embedder.EclipseLogger - Using platform encoding (Cp1252 actually) to copy filtered resources, i.e. build is platform dependent!
2016-12-23 07:27:26,846 [Worker-1] INFO  o.e.m.c.i.embedder.EclipseLogger - skip non existing resourceDirectory C:\Users\ljm7b\Documents\MilesAgeAPI\Miles_Age\src\test\resources
2016-12-23 07:27:31,158 [Worker-9] WARN  o.e.m.c.i.embedder.EclipseLogger - Using platform encoding (Cp1252 actually) to copy filtered resources, i.e. build is platform dependent!
2016-12-23 07:27:31,165 [Worker-9] INFO  o.e.m.c.i.embedder.EclipseLogger - skip non existing resourceDirectory C:\Users\ljm7b\Documents\MilesAgeAPI\Miles_Age\src\main\resources
2016-12-23 07:27:31,169 [Worker-9] WARN  o.e.m.c.i.embedder.EclipseLogger - Using platform encoding (Cp1252 actually) to copy filtered resources, i.e. build is platform dependent!
2016-12-23 07:27:31,179 [Worker-9] INFO  o.e.m.c.i.embedder.EclipseLogger - skip non existing resourceDirectory C:\Users\ljm7b\Documents\MilesAgeAPI\Miles_Age\src\test\resources
2016-12-23 07:27:34,607 [Worker-5] WARN  o.e.m.c.i.embedder.EclipseLogger - Using platform encoding (Cp1252 actually) to copy filtered resources, i.e. build is platform dependent!
2016-12-23 07:27:34,671 [Worker-5] INFO  o.e.m.c.i.embedder.EclipseLogger - skip non existing resourceDirectory C:\Users\ljm7b\Documents\MilesAgeAPI\Miles_Age\src\main\resources
2016-12-23 07:27:34,697 [Worker-5] WARN  o.e.m.c.i.embedder.EclipseLogger - Using platform encoding (Cp1252 actually) to copy filtered resources, i.e. build is platform dependent!
2016-12-23 07:27:34,722 [Worker-5] INFO  o.e.m.c.i.embedder.EclipseLogger - skip non existing resourceDirectory C:\Users\ljm7b\Documents\MilesAgeAPI\Miles_Age\src\test\resources
2016-12-23 07:28:14,916 [main] INFO  o.e.m2e.actions.ExecutePomAction - Creating new launch configuration
2016-12-23 07:28:18,515 [Worker-11] INFO  o.e.m.i.launch.MavenLaunchDelegate - C:\Users\ljm7b\Documents\MilesAgeAPI\Miles_Age
2016-12-23 07:28:18,516 [Worker-11] INFO  o.e.m.i.launch.MavenLaunchDelegate -  mvn -B package
2016-12-23 07:28:31,966 [main] INFO  o.e.m2e.actions.ExecutePomAction - Creating new launch configuration
2016-12-23 07:28:32,081 [Worker-7] WARN  o.e.m.c.i.embedder.EclipseLogger - Using platform encoding (Cp1252 actually) to copy filtered resources, i.e. build is platform dependent!
2016-12-23 07:28:32,097 [Worker-7] INFO  o.e.m.c.i.embedder.EclipseLogger - skip non existing resourceDirectory C:\Users\ljm7b\Documents\MilesAgeAPI\Miles_Age\src\main\resources
2016-12-23 07:28:32,108 [Worker-7] WARN  o.e.m.c.i.embedder.EclipseLogger - Using platform encoding (Cp1252 actually) to copy filtered resources, i.e. build is platform dependent!
2016-12-23 07:28:32,118 [Worker-7] INFO  o.e.m.c.i.embedder.EclipseLogger - skip non existing resourceDirectory C:\Users\ljm7b\Documents\MilesAgeAPI\Miles_Age\src\test\resources
2016-12-23 07:28:35,570 [Worker-9] INFO  o.e.m.i.launch.MavenLaunchDelegate - C:\Users\ljm7b\Documents\MilesAgeAPI\Miles_Age
2016-12-23 07:28:35,570 [Worker-9] INFO  o.e.m.i.launch.MavenLaunchDelegate -  mvn -B package
2016-12-23 07:28:52,076 [Worker-2] WARN  o.e.m.c.i.embedder.EclipseLogger - Using platform encoding (Cp1252 actually) to copy filtered resources, i.e. build is platform dependent!
2016-12-23 07:28:52,083 [Worker-2] INFO  o.e.m.c.i.embedder.EclipseLogger - skip non existing resourceDirectory C:\Users\ljm7b\Documents\MilesAgeAPI\Miles_Age\src\main\resources
2016-12-23 07:28:52,097 [Worker-2] WARN  o.e.m.c.i.embedder.EclipseLogger - Using platform encoding (Cp1252 actually) to copy filtered resources, i.e. build is platform dependent!
2016-12-23 07:28:52,112 [Worker-2] INFO  o.e.m.c.i.embedder.EclipseLogger - skip non existing resourceDirectory C:\Users\ljm7b\Documents\MilesAgeAPI\Miles_Age\src\test\resources
2016-12-23 07:35:02,551 [Worker-11] WARN  o.e.m.c.i.embedder.EclipseLogger - Using platform encoding (Cp1252 actually) to copy filtered resources, i.e. build is platform dependent!
2016-12-23 07:35:02,570 [Worker-11] INFO  o.e.m.c.i.embedder.EclipseLogger - skip non existing resourceDirectory C:\Users\ljm7b\Documents\MilesAgeAPI\Miles_Age\src\main\resources
2016-12-23 07:35:02,575 [Worker-11] WARN  o.e.m.c.i.embedder.EclipseLogger - Using platform encoding (Cp1252 actually) to copy filtered resources, i.e. build is platform dependent!
2016-12-23 07:35:02,600 [Worker-11] INFO  o.e.m.c.i.embedder.EclipseLogger - skip non existing resourceDirectory C:\Users\ljm7b\Documents\MilesAgeAPI\Miles_Age\src\test\resources
2016-12-23 07:35:46,534 [Worker-8] WARN  o.e.m.c.i.embedder.EclipseLogger - Using platform encoding (Cp1252 actually) to copy filtered resources, i.e. build is platform dependent!
2016-12-23 07:35:46,556 [Worker-8] INFO  o.e.m.c.i.embedder.EclipseLogger - skip non existing resourceDirectory C:\Users\ljm7b\Documents\MilesAgeAPI\Miles_Age\src\main\resources
2016-12-23 07:35:46,558 [Worker-8] WARN  o.e.m.c.i.embedder.EclipseLogger - Using platform encoding (Cp1252 actually) to copy filtered resources, i.e. build is platform dependent!
2016-12-23 07:35:46,569 [Worker-8] INFO  o.e.m.c.i.embedder.EclipseLogger - skip non existing resourceDirectory C:\Users\ljm7b\Documents\MilesAgeAPI\Miles_Age\src\test\resources
2016-12-23 07:35:51,881 [Worker-3] WARN  o.e.m.c.i.embedder.EclipseLogger - Using platform encoding (Cp1252 actually) to copy filtered resources, i.e. build is platform dependent!
2016-12-23 07:35:51,894 [Worker-3] INFO  o.e.m.c.i.embedder.EclipseLogger - skip non existing resourceDirectory C:\Users\ljm7b\Documents\MilesAgeAPI\Miles_Age\src\main\resources
2016-12-23 07:35:51,896 [Worker-3] WARN  o.e.m.c.i.embedder.EclipseLogger - Using platform encoding (Cp1252 actually) to copy filtered resources, i.e. build is platform dependent!
2016-12-23 07:35:51,905 [Worker-3] INFO  o.e.m.c.i.embedder.EclipseLogger - skip non existing resourceDirectory C:\Users\ljm7b\Documents\MilesAgeAPI\Miles_Age\src\test\resources
2016-12-23 07:35:53,111 [Worker-3] WARN  o.e.m.c.i.embedder.EclipseLogger - Using platform encoding (Cp1252 actually) to copy filtered resources, i.e. build is platform dependent!
2016-12-23 07:35:53,154 [Worker-3] INFO  o.e.m.c.i.embedder.EclipseLogger - skip non existing resourceDirectory C:\Users\ljm7b\Documents\MilesAgeAPI\Miles_Age\src\main\resources
2016-12-23 07:35:53,156 [Worker-3] WARN  o.e.m.c.i.embedder.EclipseLogger - Using platform encoding (Cp1252 actually) to copy filtered resources, i.e. build is platform dependent!
2016-12-23 07:35:53,176 [Worker-3] INFO  o.e.m.c.i.embedder.EclipseLogger - skip non existing resourceDirectory C:\Users\ljm7b\Documents\MilesAgeAPI\Miles_Age\src\test\resources
2016-12-23 07:36:33,622 [Worker-2] INFO  o.e.m.c.i.p.ProjectConfigurationManager - Update started
2016-12-23 07:36:34,361 [Worker-2] INFO  o.e.m.c.i.l.LifecycleMappingFactory - Using org.maven.ide.eclipse.wtp.WarLifecycleMapping lifecycle mapping for MavenProject: Miles_Age:Miles_Age:0.0.1-SNAPSHOT @ C:\Users\ljm7b\Documents\MilesAgeAPI\Miles_Age\pom.xml.
2016-12-23 07:36:35,532 [Worker-2] INFO  o.e.m.j.i.AbstractJavaProjectConfigurator - Adding source folder /Miles_Age/src
2016-12-23 07:36:35,533 [Worker-2] INFO  o.e.m.j.i.AbstractJavaProjectConfigurator - Not adding source folder /Miles_Age/src/test/java because it overlaps with /Miles_Age/src
2016-12-23 07:36:36,081 [Worker-2] INFO  o.e.m.w.i.f.ResourceFilteringBuildParticipant - Cleaning filtered folder for Miles_Age
2016-12-23 07:36:36,114 [Worker-2] INFO  o.e.m.c.i.p.ProjectConfigurationManager - Update completed: 2 sec
2016-12-23 07:36:36,602 [Worker-1] WARN  o.e.m.c.i.embedder.EclipseLogger - Using platform encoding (Cp1252 actually) to copy filtered resources, i.e. build is platform dependent!
2016-12-23 07:36:36,626 [Worker-1] INFO  o.e.m.c.i.embedder.EclipseLogger - skip non existing resourceDirectory C:\Users\ljm7b\Documents\MilesAgeAPI\Miles_Age\src\main\resources
2016-12-23 07:36:36,656 [Worker-1] WARN  o.e.m.c.i.embedder.EclipseLogger - Using platform encoding (Cp1252 actually) to copy filtered resources, i.e. build is platform dependent!
2016-12-23 07:36:36,667 [Worker-1] INFO  o.e.m.c.i.embedder.EclipseLogger - skip non existing resourceDirectory C:\Users\ljm7b\Documents\MilesAgeAPI\Miles_Age\src\test\resources
2016-12-23 07:36:36,731 [Worker-1] INFO  o.e.m.w.i.f.ResourceFilteringBuildParticipant - Changed resources require a complete clean of filtered resources of Miles_Age
2016-12-23 07:36:36,732 [Worker-1] INFO  o.e.m.w.i.f.ResourceFilteringBuildParticipant - Executing resource filtering for Miles_Age
2016-12-23 07:36:36,869 [Worker-1] WARN  o.e.m.c.i.embedder.EclipseLogger - Using platform encoding (Cp1252 actually) to copy filtered resources, i.e. build is platform dependent!
2016-12-23 07:36:45,457 [main] INFO  o.e.m2e.actions.ExecutePomAction - Creating new launch configuration
2016-12-23 07:36:48,809 [Worker-9] INFO  o.e.m.i.launch.MavenLaunchDelegate - C:\Users\ljm7b\Documents\MilesAgeAPI\Miles_Age
2016-12-23 07:36:48,810 [Worker-9] INFO  o.e.m.i.launch.MavenLaunchDelegate -  mvn -B package
2016-12-23 07:37:05,222 [Worker-9] WARN  o.e.m.c.i.embedder.EclipseLogger - Using platform encoding (Cp1252 actually) to copy filtered resources, i.e. build is platform dependent!
2016-12-23 07:37:05,234 [Worker-9] INFO  o.e.m.c.i.embedder.EclipseLogger - skip non existing resourceDirectory C:\Users\ljm7b\Documents\MilesAgeAPI\Miles_Age\src\main\resources
2016-12-23 07:37:05,244 [Worker-9] WARN  o.e.m.c.i.embedder.EclipseLogger - Using platform encoding (Cp1252 actually) to copy filtered resources, i.e. build is platform dependent!
2016-12-23 07:37:05,258 [Worker-9] INFO  o.e.m.c.i.embedder.EclipseLogger - skip non existing resourceDirectory C:\Users\ljm7b\Documents\MilesAgeAPI\Miles_Age\src\test\resources
2016-12-23 07:38:03,945 [Worker-4] INFO  o.e.m.i.launch.MavenLaunchDelegate - C:\Users\ljm7b\Documents\MilesAgeAPI\Miles_Age
2016-12-23 07:38:03,946 [Worker-4] INFO  o.e.m.i.launch.MavenLaunchDelegate -  mvn -B clean
2016-12-23 07:38:06,679 [Worker-0] WARN  o.e.m.c.i.embedder.EclipseLogger - Using platform encoding (Cp1252 actually) to copy filtered resources, i.e. build is platform dependent!
2016-12-23 07:38:06,690 [Worker-0] INFO  o.e.m.c.i.embedder.EclipseLogger - skip non existing resourceDirectory C:\Users\ljm7b\Documents\MilesAgeAPI\Miles_Age\src\main\resources
2016-12-23 07:38:06,709 [Worker-0] WARN  o.e.m.c.i.embedder.EclipseLogger - Using platform encoding (Cp1252 actually) to copy filtered resources, i.e. build is platform dependent!
2016-12-23 07:38:06,732 [Worker-0] INFO  o.e.m.c.i.embedder.EclipseLogger - skip non existing resourceDirectory C:\Users\ljm7b\Documents\MilesAgeAPI\Miles_Age\src\test\resources
2016-12-23 07:38:06,752 [Worker-0] INFO  o.e.m.w.i.f.ResourceFilteringBuildParticipant - Changed resources require a complete clean of filtered resources of Miles_Age
2016-12-23 07:38:06,753 [Worker-0] INFO  o.e.m.w.i.f.ResourceFilteringBuildParticipant - Executing resource filtering for Miles_Age
2016-12-23 07:38:06,780 [Worker-0] WARN  o.e.m.c.i.embedder.EclipseLogger - Using platform encoding (Cp1252 actually) to copy filtered resources, i.e. build is platform dependent!
2016-12-23 07:38:12,480 [main] INFO  o.e.m2e.actions.ExecutePomAction - Creating new launch configuration
2016-12-23 07:38:15,501 [Worker-0] INFO  o.e.m.i.launch.MavenLaunchDelegate - C:\Users\ljm7b\Documents\MilesAgeAPI\Miles_Age
2016-12-23 07:38:15,501 [Worker-0] INFO  o.e.m.i.launch.MavenLaunchDelegate -  mvn -B package
2016-12-23 07:38:25,433 [Worker-3] WARN  o.e.m.c.i.embedder.EclipseLogger - Using platform encoding (Cp1252 actually) to copy filtered resources, i.e. build is platform dependent!
2016-12-23 07:38:25,445 [Worker-3] INFO  o.e.m.c.i.embedder.EclipseLogger - skip non existing resourceDirectory C:\Users\ljm7b\Documents\MilesAgeAPI\Miles_Age\src\main\resources
2016-12-23 07:38:25,463 [Worker-3] WARN  o.e.m.c.i.embedder.EclipseLogger - Using platform encoding (Cp1252 actually) to copy filtered resources, i.e. build is platform dependent!
2016-12-23 07:38:25,477 [Worker-3] INFO  o.e.m.c.i.embedder.EclipseLogger - skip non existing resourceDirectory C:\Users\ljm7b\Documents\MilesAgeAPI\Miles_Age\src\test\resources
2016-12-23 07:38:27,458 [main] INFO  o.e.m2e.actions.ExecutePomAction - Creating new launch configuration
2016-12-23 07:38:32,633 [Worker-6] INFO  o.e.m.i.launch.MavenLaunchDelegate - C:\Users\ljm7b\Documents\MilesAgeAPI\Miles_Age
2016-12-23 07:38:32,633 [Worker-6] INFO  o.e.m.i.launch.MavenLaunchDelegate -  mvn -B package
2016-12-23 07:38:45,447 [Worker-0] WARN  o.e.m.c.i.embedder.EclipseLogger - Using platform encoding (Cp1252 actually) to copy filtered resources, i.e. build is platform dependent!
2016-12-23 07:38:45,476 [Worker-0] INFO  o.e.m.c.i.embedder.EclipseLogger - skip non existing resourceDirectory C:\Users\ljm7b\Documents\MilesAgeAPI\Miles_Age\src\main\resources
2016-12-23 07:38:45,490 [Worker-0] WARN  o.e.m.c.i.embedder.EclipseLogger - Using platform encoding (Cp1252 actually) to copy filtered resources, i.e. build is platform dependent!
2016-12-23 07:38:45,505 [Worker-0] INFO  o.e.m.c.i.embedder.EclipseLogger - skip non existing resourceDirectory C:\Users\ljm7b\Documents\MilesAgeAPI\Miles_Age\src\test\resources
2016-12-23 07:41:55,108 [Worker-4] WARN  o.e.m.c.i.embedder.EclipseLogger - Using platform encoding (Cp1252 actually) to copy filtered resources, i.e. build is platform dependent!
2016-12-23 07:41:55,129 [Worker-4] INFO  o.e.m.c.i.embedder.EclipseLogger - skip non existing resourceDirectory C:\Users\ljm7b\Documents\MilesAgeAPI\Miles_Age\src\main\resources
2016-12-23 07:41:55,138 [Worker-4] WARN  o.e.m.c.i.embedder.EclipseLogger - Using platform encoding (Cp1252 actually) to copy filtered resources, i.e. build is platform dependent!
2016-12-23 07:41:55,151 [Worker-4] INFO  o.e.m.c.i.embedder.EclipseLogger - skip non existing resourceDirectory C:\Users\ljm7b\Documents\MilesAgeAPI\Miles_Age\src\test\resources
2016-12-23 07:42:06,377 [Worker-4] WARN  o.e.m.c.i.embedder.EclipseLogger - Using platform encoding (Cp1252 actually) to copy filtered resources, i.e. build is platform dependent!
2016-12-23 07:42:06,395 [Worker-4] INFO  o.e.m.c.i.embedder.EclipseLogger - skip non existing resourceDirectory C:\Users\ljm7b\Documents\MilesAgeAPI\Miles_Age\src\main\resources
2016-12-23 07:42:06,435 [Worker-4] WARN  o.e.m.c.i.embedder.EclipseLogger - Using platform encoding (Cp1252 actually) to copy filtered resources, i.e. build is platform dependent!
2016-12-23 07:42:06,449 [Worker-4] INFO  o.e.m.c.i.embedder.EclipseLogger - skip non existing resourceDirectory C:\Users\ljm7b\Documents\MilesAgeAPI\Miles_Age\src\test\resources
2016-12-23 07:42:18,462 [Worker-6] INFO  o.e.m.i.launch.MavenLaunchDelegate - C:\Users\ljm7b\Documents\MilesAgeAPI\Miles_Age
2016-12-23 07:42:18,470 [Worker-6] INFO  o.e.m.i.launch.MavenLaunchDelegate -  mvn -B clean
2016-12-23 07:42:21,415 [Worker-20] WARN  o.e.m.c.i.embedder.EclipseLogger - Using platform encoding (Cp1252 actually) to copy filtered resources, i.e. build is platform dependent!
2016-12-23 07:42:21,457 [Worker-20] INFO  o.e.m.c.i.embedder.EclipseLogger - skip non existing resourceDirectory C:\Users\ljm7b\Documents\MilesAgeAPI\Miles_Age\src\main\resources
2016-12-23 07:42:21,478 [Worker-20] WARN  o.e.m.c.i.embedder.EclipseLogger - Using platform encoding (Cp1252 actually) to copy filtered resources, i.e. build is platform dependent!
2016-12-23 07:42:21,500 [Worker-20] INFO  o.e.m.c.i.embedder.EclipseLogger - skip non existing resourceDirectory C:\Users\ljm7b\Documents\MilesAgeAPI\Miles_Age\src\test\resources
2016-12-23 07:42:21,500 [Worker-20] INFO  o.e.m.w.i.f.ResourceFilteringBuildParticipant - Changed resources require a complete clean of filtered resources of Miles_Age
2016-12-23 07:42:21,500 [Worker-20] INFO  o.e.m.w.i.f.ResourceFilteringBuildParticipant - Executing resource filtering for Miles_Age
2016-12-23 07:42:21,506 [Worker-20] WARN  o.e.m.c.i.embedder.EclipseLogger - Using platform encoding (Cp1252 actually) to copy filtered resources, i.e. build is platform dependent!
2016-12-23 07:42:26,613 [main] INFO  o.e.m2e.actions.ExecutePomAction - Creating new launch configuration
2016-12-23 07:42:30,254 [Worker-11] INFO  o.e.m.i.launch.MavenLaunchDelegate - C:\Users\ljm7b\Documents\MilesAgeAPI\Miles_Age
2016-12-23 07:42:30,254 [Worker-11] INFO  o.e.m.i.launch.MavenLaunchDelegate -  mvn -B package
2016-12-23 07:42:45,936 [Worker-18] WARN  o.e.m.c.i.embedder.EclipseLogger - Using platform encoding (Cp1252 actually) to copy filtered resources, i.e. build is platform dependent!
2016-12-23 07:42:45,952 [Worker-18] INFO  o.e.m.c.i.embedder.EclipseLogger - skip non existing resourceDirectory C:\Users\ljm7b\Documents\MilesAgeAPI\Miles_Age\src\main\resources
2016-12-23 07:42:45,954 [Worker-18] WARN  o.e.m.c.i.embedder.EclipseLogger - Using platform encoding (Cp1252 actually) to copy filtered resources, i.e. build is platform dependent!
2016-12-23 07:42:45,967 [Worker-18] INFO  o.e.m.c.i.embedder.EclipseLogger - skip non existing resourceDirectory C:\Users\ljm7b\Documents\MilesAgeAPI\Miles_Age\src\test\resources
2016-12-23 07:42:58,371 [main] INFO  o.e.m2e.actions.ExecutePomAction - Creating new launch configuration
2016-12-23 07:43:01,145 [Worker-21] INFO  o.e.m.i.launch.MavenLaunchDelegate - C:\Users\ljm7b\Documents\MilesAgeAPI\Miles_Age
2016-12-23 07:43:01,159 [Worker-21] INFO  o.e.m.i.launch.MavenLaunchDelegate -  mvn -B package
2016-12-23 07:43:16,095 [Worker-20] WARN  o.e.m.c.i.embedder.EclipseLogger - Using platform encoding (Cp1252 actually) to copy filtered resources, i.e. build is platform dependent!
2016-12-23 07:43:16,107 [Worker-20] INFO  o.e.m.c.i.embedder.EclipseLogger - skip non existing resourceDirectory C:\Users\ljm7b\Documents\MilesAgeAPI\Miles_Age\src\main\resources
2016-12-23 07:43:16,120 [Worker-20] WARN  o.e.m.c.i.embedder.EclipseLogger - Using platform encoding (Cp1252 actually) to copy filtered resources, i.e. build is platform dependent!
2016-12-23 07:43:16,137 [Worker-20] INFO  o.e.m.c.i.embedder.EclipseLogger - skip non existing resourceDirectory C:\Users\ljm7b\Documents\MilesAgeAPI\Miles_Age\src\test\resources
2016-12-23 07:45:20,281 [Worker-22] INFO  o.e.m.c.i.l.LifecycleMappingFactory - Using org.maven.ide.eclipse.wtp.WarLifecycleMapping lifecycle mapping for MavenProject: MilesAPI:MilesAPI:0.0.1-SNAPSHOT @ C:\Users\ljm7b\Documents\MilesAgeAPI\MilesAPI\pom.xml.
2016-12-23 07:45:24,049 [Worker-22] INFO  o.e.m.j.i.AbstractJavaProjectConfigurator - Adding source folder /MilesAPI/src
2016-12-23 07:45:24,050 [Worker-22] INFO  o.e.m.j.i.AbstractJavaProjectConfigurator - Not adding source folder /MilesAPI/src/test/java because it overlaps with /MilesAPI/src
2016-12-23 07:45:25,269 [Worker-22] INFO  o.e.m.c.i.p.ProjectConfigurationManager - Update started
2016-12-23 07:45:26,045 [Worker-22] INFO  o.e.m.c.i.l.LifecycleMappingFactory - Using org.maven.ide.eclipse.wtp.WarLifecycleMapping lifecycle mapping for MavenProject: MilesAPI:MilesAPI:0.0.1-SNAPSHOT @ C:\Users\ljm7b\Documents\MilesAgeAPI\MilesAPI\pom.xml.
2016-12-23 07:45:27,443 [Worker-22] INFO  o.e.m.j.i.AbstractJavaProjectConfigurator - Adding source folder /MilesAPI/src
2016-12-23 07:45:27,595 [Worker-22] INFO  o.e.m.j.i.AbstractJavaProjectConfigurator - Not adding source folder /MilesAPI/src/test/java because it overlaps with /MilesAPI/src
2016-12-23 07:45:28,153 [Worker-22] INFO  o.e.m.w.i.f.ResourceFilteringBuildParticipant - Cleaning filtered folder for MilesAPI
2016-12-23 07:45:28,221 [Worker-22] INFO  o.e.m.c.i.p.ProjectConfigurationManager - Update completed: 2 sec
2016-12-23 07:46:52,512 [Worker-24] INFO  o.e.m.c.i.p.ProjectConfigurationManager - Update started
2016-12-23 07:46:52,984 [Worker-24] INFO  o.e.m.c.i.l.LifecycleMappingFactory - Using org.maven.ide.eclipse.wtp.WarLifecycleMapping lifecycle mapping for MavenProject: MilesAPI:MilesAPI:0.0.1-SNAPSHOT @ C:\Users\ljm7b\Documents\MilesAgeAPI\MilesAPI\pom.xml.
2016-12-23 07:46:53,812 [Worker-24] INFO  o.e.m.j.i.AbstractJavaProjectConfigurator - Adding source folder /MilesAPI/src
2016-12-23 07:46:53,825 [Worker-24] INFO  o.e.m.j.i.AbstractJavaProjectConfigurator - Not adding source folder /MilesAPI/src/test/java because it overlaps with /MilesAPI/src
2016-12-23 07:46:54,297 [Worker-24] INFO  o.e.m.w.i.f.ResourceFilteringBuildParticipant - Cleaning filtered folder for MilesAPI
2016-12-23 07:46:54,311 [Worker-24] INFO  o.e.m.c.i.p.ProjectConfigurationManager - Update completed: 1 sec
2016-12-23 07:47:07,609 [Worker-25] INFO  o.e.m.c.i.p.ProjectConfigurationManager - Update started
2016-12-23 07:47:08,069 [Worker-25] INFO  o.e.m.c.i.l.LifecycleMappingFactory - Using org.maven.ide.eclipse.wtp.WarLifecycleMapping lifecycle mapping for MavenProject: MilesAPI:MilesAPI:0.0.1-SNAPSHOT @ C:\Users\ljm7b\Documents\MilesAgeAPI\MilesAPI\pom.xml.
2016-12-23 07:47:08,876 [Worker-25] INFO  o.e.m.j.i.AbstractJavaProjectConfigurator - Adding source folder /MilesAPI/src
2016-12-23 07:47:08,886 [Worker-25] INFO  o.e.m.j.i.AbstractJavaProjectConfigurator - Not adding source folder /MilesAPI/src/test/java because it overlaps with /MilesAPI/src
2016-12-23 07:47:09,247 [Worker-25] INFO  o.e.m.w.i.f.ResourceFilteringBuildParticipant - Cleaning filtered folder for MilesAPI
2016-12-23 07:47:09,263 [Worker-25] INFO  o.e.m.c.i.p.ProjectConfigurationManager - Update completed: 1 sec
2016-12-23 07:47:13,449 [main] INFO  o.e.m2e.actions.ExecutePomAction - Creating new launch configuration
2016-12-23 07:49:30,673 [Worker-7] WARN  o.e.m.c.i.embedder.EclipseLogger - Using platform encoding (Cp1252 actually) to copy filtered resources, i.e. build is platform dependent!
2016-12-23 07:49:30,729 [Worker-7] INFO  o.e.m.c.i.embedder.EclipseLogger - skip non existing resourceDirectory C:\Users\ljm7b\Documents\MilesAgeAPI\MilesAPI\src\main\resources
2016-12-23 07:49:30,732 [Worker-7] WARN  o.e.m.c.i.embedder.EclipseLogger - Using platform encoding (Cp1252 actually) to copy filtered resources, i.e. build is platform dependent!
2016-12-23 07:49:30,825 [Worker-7] INFO  o.e.m.c.i.embedder.EclipseLogger - skip non existing resourceDirectory C:\Users\ljm7b\Documents\MilesAgeAPI\MilesAPI\src\test\resources
2016-12-23 07:49:31,065 [Worker-7] INFO  o.e.m.w.i.f.ResourceFilteringBuildParticipant - Changed resources require a complete clean of filtered resources of MilesAPI
2016-12-23 07:49:31,174 [Worker-7] INFO  o.e.m.w.i.f.ResourceFilteringBuildParticipant - Executing resource filtering for MilesAPI
2016-12-23 07:49:31,395 [Worker-7] WARN  o.e.m.c.i.embedder.EclipseLogger - Using platform encoding (Cp1252 actually) to copy filtered resources, i.e. build is platform dependent!
2016-12-23 07:50:49,428 [main] INFO  o.e.m2e.actions.ExecutePomAction - Creating new launch configuration
2016-12-23 07:50:54,586 [Worker-25] INFO  o.e.m.i.launch.MavenLaunchDelegate - C:\Users\ljm7b\Documents\MilesAgeAPI\MilesAPI
2016-12-23 07:50:54,588 [Worker-25] INFO  o.e.m.i.launch.MavenLaunchDelegate -  mvn -B package
2016-12-23 07:51:16,432 [main] INFO  o.e.m2e.actions.ExecutePomAction - Creating new launch configuration
2016-12-23 07:51:19,968 [Worker-27] INFO  o.e.m.i.launch.MavenLaunchDelegate - C:\Users\ljm7b\Documents\MilesAgeAPI\MilesAPI
2016-12-23 07:51:19,968 [Worker-27] INFO  o.e.m.i.launch.MavenLaunchDelegate -  mvn -B package
2016-12-23 07:52:51,567 [Worker-31] WARN  o.e.m.c.i.embedder.EclipseLogger - Using platform encoding (Cp1252 actually) to copy filtered resources, i.e. build is platform dependent!
2016-12-23 07:52:51,574 [Worker-31] INFO  o.e.m.c.i.embedder.EclipseLogger - skip non existing resourceDirectory C:\Users\ljm7b\Documents\MilesAgeAPI\MilesAPI\src\main\resources
2016-12-23 07:52:51,576 [Worker-31] WARN  o.e.m.c.i.embedder.EclipseLogger - Using platform encoding (Cp1252 actually) to copy filtered resources, i.e. build is platform dependent!
2016-12-23 07:52:51,593 [Worker-31] INFO  o.e.m.c.i.embedder.EclipseLogger - skip non existing resourceDirectory C:\Users\ljm7b\Documents\MilesAgeAPI\MilesAPI\src\test\resources
2016-12-23 07:56:23,538 [Worker-60] WARN  o.e.m.c.i.embedder.EclipseLogger - Using platform encoding (Cp1252 actually) to copy filtered resources, i.e. build is platform dependent!
2016-12-23 07:56:23,548 [Worker-60] INFO  o.e.m.c.i.embedder.EclipseLogger - skip non existing resourceDirectory C:\Users\ljm7b\Documents\MilesAgeAPI\MilesAPI\src\main\resources
2016-12-23 07:56:23,551 [Worker-60] WARN  o.e.m.c.i.embedder.EclipseLogger - Using platform encoding (Cp1252 actually) to copy filtered resources, i.e. build is platform dependent!
2016-12-23 07:56:23,576 [Worker-60] INFO  o.e.m.c.i.embedder.EclipseLogger - skip non existing resourceDirectory C:\Users\ljm7b\Documents\MilesAgeAPI\MilesAPI\src\test\resources
2016-12-23 11:30:25,287 [Worker-8] WARN  o.e.m.c.i.embedder.EclipseLogger - Using platform encoding (Cp1252 actually) to copy filtered resources, i.e. build is platform dependent!
2016-12-23 11:30:25,311 [Worker-8] INFO  o.e.m.c.i.embedder.EclipseLogger - skip non existing resourceDirectory C:\Users\ljm7b\Documents\MilesAgeAPI\MilesAPI\src\main\resources
2016-12-23 11:30:25,314 [Worker-8] WARN  o.e.m.c.i.embedder.EclipseLogger - Using platform encoding (Cp1252 actually) to copy filtered resources, i.e. build is platform dependent!
2016-12-23 11:30:25,328 [Worker-8] INFO  o.e.m.c.i.embedder.EclipseLogger - skip non existing resourceDirectory C:\Users\ljm7b\Documents\MilesAgeAPI\MilesAPI\src\test\resources
2016-12-24 10:03:12,403 [Worker-7] WARN  o.e.m.c.i.embedder.EclipseLogger - Using platform encoding (Cp1252 actually) to copy filtered resources, i.e. build is platform dependent!
2016-12-24 10:03:12,416 [Worker-7] INFO  o.e.m.c.i.embedder.EclipseLogger - skip non existing resourceDirectory C:\Users\ljm7b\Documents\MilesAgeAPI\MilesAPI\src\main\resources
2016-12-24 10:03:12,418 [Worker-7] WARN  o.e.m.c.i.embedder.EclipseLogger - Using platform encoding (Cp1252 actually) to copy filtered resources, i.e. build is platform dependent!
2016-12-24 10:03:12,425 [Worker-7] INFO  o.e.m.c.i.embedder.EclipseLogger - skip non existing resourceDirectory C:\Users\ljm7b\Documents\MilesAgeAPI\MilesAPI\src\test\resources
2016-12-24 10:04:43,297 [Worker-1] WARN  o.e.m.c.i.embedder.EclipseLogger - Using platform encoding (Cp1252 actually) to copy filtered resources, i.e. build is platform dependent!
2016-12-24 10:04:43,311 [Worker-1] INFO  o.e.m.c.i.embedder.EclipseLogger - skip non existing resourceDirectory C:\Users\ljm7b\Documents\MilesAgeAPI\MilesAPI\src\main\resources
2016-12-24 10:04:43,313 [Worker-1] WARN  o.e.m.c.i.embedder.EclipseLogger - Using platform encoding (Cp1252 actually) to copy filtered resources, i.e. build is platform dependent!
2016-12-24 10:04:43,327 [Worker-1] INFO  o.e.m.c.i.embedder.EclipseLogger - skip non existing resourceDirectory C:\Users\ljm7b\Documents\MilesAgeAPI\MilesAPI\src\test\resources
